f:\ai\software engineer\game development\workspace\sfmlprojectbasics\x64\debug\vc142.pdb
f:\ai\software engineer\game development\workspace\sfmlprojectbasics\x64\debug\vc142.idb
f:\ai\software engineer\game development\workspace\sfmlprojectbasics\x64\debug\main.obj
f:\ai\software engineer\game development\workspace\sfmlprojectbasics\x64\debug\rocket.obj
f:\ai\software engineer\game development\workspace\sfmlprojectbasics\x64\debug\hero.obj
f:\ai\software engineer\game development\workspace\sfmlprojectbasics\x64\debug\enemy.obj
f:\ai\software engineer\game development\workspace\sfmlprojectbasics\x64\debug\shooter.exe
f:\ai\software engineer\game development\workspace\sfmlprojectbasics\x64\debug\shooter.ilk
f:\ai\software engineer\game development\workspace\sfmlprojectbasics\x64\debug\shooter.pdb
f:\ai\software engineer\game development\workspace\sfmlprojectbasics\x64\debug\enemy.nativecodeanalysis.xml
f:\ai\software engineer\game development\workspace\sfmlprojectbasics\x64\debug\hero.nativecodeanalysis.xml
f:\ai\software engineer\game development\workspace\sfmlprojectbasics\x64\debug\main.nativecodeanalysis.xml
f:\ai\software engineer\game development\workspace\sfmlprojectbasics\x64\debug\rocket.nativecodeanalysis.xml
f:\ai\software engineer\game development\workspace\sfmlprojectbasics\x64\debug\vc.nativecodeanalysis.all.xml
f:\ai\software engineer\game development\workspace\sfmlprojectbasics\x64\debug\shooter.tlog\cl.command.1.tlog
f:\ai\software engineer\game development\workspace\sfmlprojectbasics\x64\debug\shooter.tlog\cl.read.1.tlog
f:\ai\software engineer\game development\workspace\sfmlprojectbasics\x64\debug\shooter.tlog\cl.write.1.tlog
f:\ai\software engineer\game development\workspace\sfmlprojectbasics\x64\debug\shooter.tlog\link.command.1.tlog
f:\ai\software engineer\game development\workspace\sfmlprojectbasics\x64\debug\shooter.tlog\link.read.1.tlog
f:\ai\software engineer\game development\workspace\sfmlprojectbasics\x64\debug\shooter.tlog\link.write.1.tlog
